<?xml version="1.0" encoding="UTF-8"?>
<!-- Generated by org.testng.reporters.JUnitXMLReporter -->
<testsuite ignored="0" hostname="LAPTOP-PPRTR9T7" failures="0" tests="4" name="Test_Ninja" time="29.314" errors="0" timestamp="2023-12-31T23:33:28 IST">
  <testcase classname="com.testNg_runnerclass.RunnerClass_TestNGDemo" name="user_Data" time="0.561"/>
  <testcase classname="com.testNg_runnerclass.RunnerClass_TestNGDemo" name="newsLetterChkBox" time="0.081"/>
  <testcase classname="com.testNg_runnerclass.RunnerClass_TestNGDemo" name="privacyPolicyRadButton" time="0.092"/>
  <testcase classname="com.testNg_runnerclass.RunnerClass_TestNGDemo" name="agreeContButton" time="0.274"/>
</testsuite> <!-- Test_Ninja -->
