<?xml version="1.0" encoding="UTF-8"?>
<!-- Generated by org.testng.reporters.JUnitXMLReporter -->
<testsuite ignored="0" hostname="LAPTOP-PPRTR9T7" failures="0" tests="4" name="Test_Ninja" time="23.628" errors="0" timestamp="2023-12-29T23:04:34 IST">
  <testcase classname="com.testNg_runnerclass.RunnerClass_TestNGDemo" name="user_Data" time="0.477"/>
  <testcase classname="com.testNg_runnerclass.RunnerClass_TestNGDemo" name="newsLetterChkBox" time="0.082"/>
  <testcase classname="com.testNg_runnerclass.RunnerClass_TestNGDemo" name="privacyPolicyRadButton" time="0.071"/>
  <testcase classname="com.testNg_runnerclass.RunnerClass_TestNGDemo" name="agreeContButton" time="0.336"/>
</testsuite> <!-- Test_Ninja -->
