<?xml version="1.0" encoding="UTF-8"?>
<testng-results ignored="0" total="1" passed="1" failed="0" skipped="0">
  <reporter-output>
  </reporter-output>
  <suite started-at="2023-12-22T14:21:14 IST" name="Suite_1" finished-at="2023-12-22T14:21:18 IST" duration-ms="4092">
    <groups>
    </groups>
    <test started-at="2023-12-22T14:21:14 IST" name="Test_LaunchBrowser" finished-at="2023-12-22T14:21:18 IST" duration-ms="4092">
      <class name="com.testNg_runnerclass.RunnerClass_TestNGDemo">
        <test-method signature="browserLaunch()[pri:0, instance:com.testNg_runnerclass.RunnerClass_TestNGDemo@581ac8a8]" started-at="2023-12-22T14:21:14 IST" name="browserLaunch" finished-at="2023-12-22T14:21:18 IST" duration-ms="4050" status="PASS">
          <reporter-output>
          </reporter-output>
        </test-method> <!-- browserLaunch -->
      </class> <!-- com.testNg_runnerclass.RunnerClass_TestNGDemo -->
    </test> <!-- Test_LaunchBrowser -->
  </suite> <!-- Suite_1 -->
</testng-results>
